Analysis & Synthesis report for GeniusProject
Fri Nov 28 15:17:44 2025
Quartus Prime Version 24.1std.0 Build 1077 03/04/2025 SC Standard Edition


---------------------
; Table of Contents ;
---------------------
  1. Legal Notice
  2. Analysis & Synthesis Summary
  3. Analysis & Synthesis Settings
  4. Parallel Compilation
  5. Analysis & Synthesis Source Files Read
  6. Analysis & Synthesis Resource Usage Summary
  7. Analysis & Synthesis Resource Utilization by Entity
  8. State Machine - |TopLevel|Show_Sequence:u_show_sequence|current_state
  9. State Machine - |TopLevel|Comparator:u_comparator|current_state
 10. State Machine - |TopLevel|Controller:u_controller|estado_input
 11. State Machine - |TopLevel|Controller:u_controller|system_state
 12. Registers Removed During Synthesis
 13. General Register Statistics
 14. Multiplexer Restructuring Statistics (Restructuring Performed)
 15. Port Connectivity Checks: "Controller:u_controller"
 16. Post-Synthesis Netlist Statistics for Top Partition
 17. Elapsed Time Per Partition
 18. Analysis & Synthesis Messages



----------------
; Legal Notice ;
----------------
Copyright (C) 2025  Altera Corporation. All rights reserved.
Your use of Altera Corporation's design tools, logic functions 
and other software and tools, and any partner logic 
functions, and any output files from any of the foregoing 
(including device programming or simulation files), and any 
associated documentation or information are expressly subject 
to the terms and conditions of the Altera Program License 
Subscription Agreement, the Altera Quartus Prime License Agreement,
the Altera IP License Agreement, or other applicable license
agreement, including, without limitation, that your use is for
the sole purpose of programming logic devices manufactured by
Altera and sold by Altera or its authorized distributors.  Please
refer to the Altera Software License Subscription Agreements 
on the Quartus Prime software download page.



+------------------------------------------------------------------------------------------+
; Analysis & Synthesis Summary                                                             ;
+------------------------------------+-----------------------------------------------------+
; Analysis & Synthesis Status        ; Successful - Fri Nov 28 15:17:44 2025               ;
; Quartus Prime Version              ; 24.1std.0 Build 1077 03/04/2025 SC Standard Edition ;
; Revision Name                      ; GeniusProject                                       ;
; Top-level Entity Name              ; TopLevel                                            ;
; Family                             ; MAX 10                                              ;
; Total logic elements               ; 541                                                 ;
;     Total combinational functions  ; 516                                                 ;
;     Dedicated logic registers      ; 299                                                 ;
; Total registers                    ; 299                                                 ;
; Total pins                         ; 20                                                  ;
; Total virtual pins                 ; 0                                                   ;
; Total memory bits                  ; 0                                                   ;
; Embedded Multiplier 9-bit elements ; 0                                                   ;
; Total PLLs                         ; 0                                                   ;
; UFM blocks                         ; 0                                                   ;
; ADC blocks                         ; 0                                                   ;
+------------------------------------+-----------------------------------------------------+


+------------------------------------------------------------------------------------------------------------+
; Analysis & Synthesis Settings                                                                              ;
+------------------------------------------------------------------+--------------------+--------------------+
; Option                                                           ; Setting            ; Default Value      ;
+------------------------------------------------------------------+--------------------+--------------------+
; Device                                                           ; 10M50DAF484C7G     ;                    ;
; Top-level entity name                                            ; TopLevel           ; GeniusProject      ;
; Family name                                                      ; MAX 10             ; Cyclone V          ;
; Use smart compilation                                            ; Off                ; Off                ;
; Enable parallel Assembler and Timing Analyzer during compilation ; On                 ; On                 ;
; Enable compact report table                                      ; Off                ; Off                ;
; Restructure Multiplexers                                         ; Auto               ; Auto               ;
; Create Debugging Nodes for IP Cores                              ; Off                ; Off                ;
; Preserve fewer node names                                        ; On                 ; On                 ;
; Intel FPGA IP Evaluation Mode                                    ; Enable             ; Enable             ;
; Verilog Version                                                  ; Verilog_2001       ; Verilog_2001       ;
; VHDL Version                                                     ; VHDL_1993          ; VHDL_1993          ;
; State Machine Processing                                         ; Auto               ; Auto               ;
; Safe State Machine                                               ; Off                ; Off                ;
; Extract Verilog State Machines                                   ; On                 ; On                 ;
; Extract VHDL State Machines                                      ; On                 ; On                 ;
; Ignore Verilog initial constructs                                ; Off                ; Off                ;
; Iteration limit for constant Verilog loops                       ; 5000               ; 5000               ;
; Iteration limit for non-constant Verilog loops                   ; 250                ; 250                ;
; Add Pass-Through Logic to Inferred RAMs                          ; On                 ; On                 ;
; Infer RAMs from Raw Logic                                        ; On                 ; On                 ;
; Parallel Synthesis                                               ; On                 ; On                 ;
; DSP Block Balancing                                              ; Auto               ; Auto               ;
; NOT Gate Push-Back                                               ; On                 ; On                 ;
; Power-Up Don't Care                                              ; On                 ; On                 ;
; Remove Redundant Logic Cells                                     ; Off                ; Off                ;
; Remove Duplicate Registers                                       ; On                 ; On                 ;
; Ignore CARRY Buffers                                             ; Off                ; Off                ;
; Ignore CASCADE Buffers                                           ; Off                ; Off                ;
; Ignore GLOBAL Buffers                                            ; Off                ; Off                ;
; Ignore ROW GLOBAL Buffers                                        ; Off                ; Off                ;
; Ignore LCELL Buffers                                             ; Off                ; Off                ;
; Ignore SOFT Buffers                                              ; On                 ; On                 ;
; Limit AHDL Integers to 32 Bits                                   ; Off                ; Off                ;
; Optimization Technique                                           ; Balanced           ; Balanced           ;
; Carry Chain Length                                               ; 70                 ; 70                 ;
; Auto Carry Chains                                                ; On                 ; On                 ;
; Auto Open-Drain Pins                                             ; On                 ; On                 ;
; Perform WYSIWYG Primitive Resynthesis                            ; Off                ; Off                ;
; Auto ROM Replacement                                             ; On                 ; On                 ;
; Auto RAM Replacement                                             ; On                 ; On                 ;
; Auto DSP Block Replacement                                       ; On                 ; On                 ;
; Auto Shift Register Replacement                                  ; Auto               ; Auto               ;
; Allow Shift Register Merging across Hierarchies                  ; Auto               ; Auto               ;
; Auto Clock Enable Replacement                                    ; On                 ; On                 ;
; Strict RAM Replacement                                           ; Off                ; Off                ;
; Allow Synchronous Control Signals                                ; On                 ; On                 ;
; Force Use of Synchronous Clear Signals                           ; Off                ; Off                ;
; Auto RAM Block Balancing                                         ; On                 ; On                 ;
; Auto RAM to Logic Cell Conversion                                ; Off                ; Off                ;
; Auto Resource Sharing                                            ; Off                ; Off                ;
; Allow Any RAM Size For Recognition                               ; Off                ; Off                ;
; Allow Any ROM Size For Recognition                               ; Off                ; Off                ;
; Allow Any Shift Register Size For Recognition                    ; Off                ; Off                ;
; Use LogicLock Constraints during Resource Balancing              ; On                 ; On                 ;
; Ignore translate_off and synthesis_off directives                ; Off                ; Off                ;
; Timing-Driven Synthesis                                          ; On                 ; On                 ;
; Report Parameter Settings                                        ; On                 ; On                 ;
; Report Source Assignments                                        ; On                 ; On                 ;
; Report Connectivity Checks                                       ; On                 ; On                 ;
; Ignore Maximum Fan-Out Assignments                               ; Off                ; Off                ;
; Synchronization Register Chain Length                            ; 2                  ; 2                  ;
; Power Optimization During Synthesis                              ; Normal compilation ; Normal compilation ;
; HDL message level                                                ; Level2             ; Level2             ;
; Suppress Register Optimization Related Messages                  ; Off                ; Off                ;
; Number of Removed Registers Reported in Synthesis Report         ; 5000               ; 5000               ;
; Number of Swept Nodes Reported in Synthesis Report               ; 5000               ; 5000               ;
; Number of Inverted Registers Reported in Synthesis Report        ; 100                ; 100                ;
; Clock MUX Protection                                             ; On                 ; On                 ;
; Auto Gated Clock Conversion                                      ; Off                ; Off                ;
; Block Design Naming                                              ; Auto               ; Auto               ;
; SDC constraint protection                                        ; Off                ; Off                ;
; Synthesis Effort                                                 ; Auto               ; Auto               ;
; Shift Register Replacement - Allow Asynchronous Clear Signal     ; On                 ; On                 ;
; Pre-Mapping Resynthesis Optimization                             ; Off                ; Off                ;
; Analysis & Synthesis Message Level                               ; Medium             ; Medium             ;
; Disable Register Merging Across Hierarchies                      ; Auto               ; Auto               ;
; Resource Aware Inference For Block RAM                           ; On                 ; On                 ;
+------------------------------------------------------------------+--------------------+--------------------+


+------------------------------------------+
; Parallel Compilation                     ;
+----------------------------+-------------+
; Processors                 ; Number      ;
+----------------------------+-------------+
; Number detected on machine ; 12          ;
; Maximum allowed            ; 8           ;
;                            ;             ;
; Average used               ; 1.00        ;
; Maximum used               ; 8           ;
;                            ;             ;
; Usage by Processor         ; % Time Used ;
;     Processor 1            ; 100.0%      ;
;     Processor 2            ;   0.0%      ;
;     Processor 3            ;   0.0%      ;
;     Processor 4            ;   0.0%      ;
;     Processor 5            ;   0.0%      ;
;     Processor 6            ;   0.0%      ;
;     Processor 7            ;   0.0%      ;
;     Processor 8            ;   0.0%      ;
+----------------------------+-------------+


+----------------------------------------------------------------------------------------------------------------------------------------------+
; Analysis & Synthesis Source Files Read                                                                                                       ;
+----------------------------------+-----------------+-----------------+-------------------------------------------------------------+---------+
; File Name with User-Entered Path ; Used in Netlist ; File Type       ; File Name with Absolute Path                                ; Library ;
+----------------------------------+-----------------+-----------------+-------------------------------------------------------------+---------+
; TopLevel.vhd                     ; yes             ; User VHDL File  ; C:/Users/fachi/OneDrive/Documentos/Genius/TopLevel.vhd      ;         ;
; Controller.vhd                   ; yes             ; User VHDL File  ; C:/Users/fachi/OneDrive/Documentos/Genius/Controller.vhd    ;         ;
; Input.vhd                        ; yes             ; User VHDL File  ; C:/Users/fachi/OneDrive/Documentos/Genius/Input.vhd         ;         ;
; Led_Input.vhd                    ; yes             ; User VHDL File  ; C:/Users/fachi/OneDrive/Documentos/Genius/Led_Input.vhd     ;         ;
; Comparator.vhd                   ; yes             ; User VHDL File  ; C:/Users/fachi/OneDrive/Documentos/Genius/Comparator.vhd    ;         ;
; Show_Sequence.vhd                ; yes             ; User VHDL File  ; C:/Users/fachi/OneDrive/Documentos/Genius/Show_Sequence.vhd ;         ;
+----------------------------------+-----------------+-----------------+-------------------------------------------------------------+---------+


+------------------------------------------------------------+
; Analysis & Synthesis Resource Usage Summary                ;
+---------------------------------------------+--------------+
; Resource                                    ; Usage        ;
+---------------------------------------------+--------------+
; Estimated Total logic elements              ; 541          ;
;                                             ;              ;
; Total combinational functions               ; 516          ;
; Logic element usage by number of LUT inputs ;              ;
;     -- 4 input functions                    ; 243          ;
;     -- 3 input functions                    ; 35           ;
;     -- <=2 input functions                  ; 238          ;
;                                             ;              ;
; Logic elements by mode                      ;              ;
;     -- normal mode                          ; 330          ;
;     -- arithmetic mode                      ; 186          ;
;                                             ;              ;
; Total registers                             ; 299          ;
;     -- Dedicated logic registers            ; 299          ;
;     -- I/O registers                        ; 0            ;
;                                             ;              ;
; I/O pins                                    ; 20           ;
;                                             ;              ;
; Embedded Multiplier 9-bit elements          ; 0            ;
;                                             ;              ;
; Maximum fan-out node                        ; KEY[1]~input ;
; Maximum fan-out                             ; 301          ;
; Total fan-out                               ; 2899         ;
; Average fan-out                             ; 3.39         ;
+---------------------------------------------+--------------+


+------------------------------------------------------------------------------------------------------------------------------------------------------------------------------------------------------------------------------------------------------------------+
; Analysis & Synthesis Resource Utilization by Entity                                                                                                                                                                                                              ;
+------------------------------------+---------------------+---------------------------+-------------+------------+--------------+---------+-----------+------+--------------+------------+-----------------------------------------+---------------+--------------+
; Compilation Hierarchy Node         ; Combinational ALUTs ; Dedicated Logic Registers ; Memory Bits ; UFM Blocks ; DSP Elements ; DSP 9x9 ; DSP 18x18 ; Pins ; Virtual Pins ; ADC blocks ; Full Hierarchy Name                     ; Entity Name   ; Library Name ;
+------------------------------------+---------------------+---------------------------+-------------+------------+--------------+---------+-----------+------+--------------+------------+-----------------------------------------+---------------+--------------+
; |TopLevel                          ; 516 (1)             ; 299 (0)                   ; 0           ; 0          ; 0            ; 0       ; 0         ; 20   ; 0            ; 0          ; |TopLevel                               ; TopLevel      ; work         ;
;    |Comparator:u_comparator|       ; 107 (107)           ; 35 (35)                   ; 0           ; 0          ; 0            ; 0       ; 0         ; 0    ; 0            ; 0          ; |TopLevel|Comparator:u_comparator       ; Comparator    ; work         ;
;    |Controller:u_controller|       ; 120 (120)           ; 60 (60)                   ; 0           ; 0          ; 0            ; 0       ; 0         ; 0    ; 0            ; 0          ; |TopLevel|Controller:u_controller       ; Controller    ; work         ;
;    |Input:u_input|                 ; 216 (216)           ; 157 (157)                 ; 0           ; 0          ; 0            ; 0       ; 0         ; 0    ; 0            ; 0          ; |TopLevel|Input:u_input                 ; Input         ; work         ;
;    |Led_Input:u_led_input|         ; 12 (12)             ; 7 (7)                     ; 0           ; 0          ; 0            ; 0       ; 0         ; 0    ; 0            ; 0          ; |TopLevel|Led_Input:u_led_input         ; Led_Input     ; work         ;
;    |Show_Sequence:u_show_sequence| ; 60 (60)             ; 40 (40)                   ; 0           ; 0          ; 0            ; 0       ; 0         ; 0    ; 0            ; 0          ; |TopLevel|Show_Sequence:u_show_sequence ; Show_Sequence ; work         ;
+------------------------------------+---------------------+---------------------------+-------------+------------+--------------+---------+-----------+------+--------------+------------+-----------------------------------------+---------------+--------------+
Note: For table entries with two numbers listed, the numbers in parentheses indicate the number of resources of the given type used by the specific entity alone. The numbers listed outside of parentheses indicate the total resources of the given type used by the specific entity and all of its sub-entities in the hierarchy.


Encoding Type:  One-Hot
+---------------------------------------------------------------------------------------------------------------------+
; State Machine - |TopLevel|Show_Sequence:u_show_sequence|current_state                                               ;
+------------------------+------------------------+---------------------+------------------------+--------------------+
; Name                   ; current_state.FINISHED ; current_state.PAUSE ; current_state.SHOW_LED ; current_state.IDLE ;
+------------------------+------------------------+---------------------+------------------------+--------------------+
; current_state.IDLE     ; 0                      ; 0                   ; 0                      ; 0                  ;
; current_state.SHOW_LED ; 0                      ; 0                   ; 1                      ; 1                  ;
; current_state.PAUSE    ; 0                      ; 1                   ; 0                      ; 1                  ;
; current_state.FINISHED ; 1                      ; 0                   ; 0                      ; 1                  ;
+------------------------+------------------------+---------------------+------------------------+--------------------+


Encoding Type:  One-Hot
+------------------------------------------------------------------------------------------------------------------------------------------+
; State Machine - |TopLevel|Comparator:u_comparator|current_state                                                                          ;
+-------------------------+------------------------+--------------------+-------------------+-------------------------+--------------------+
; Name                    ; current_state.FINISHED ; current_state.LOSE ; current_state.WIN ; current_state.COMPARING ; current_state.IDLE ;
+-------------------------+------------------------+--------------------+-------------------+-------------------------+--------------------+
; current_state.IDLE      ; 0                      ; 0                  ; 0                 ; 0                       ; 0                  ;
; current_state.COMPARING ; 0                      ; 0                  ; 0                 ; 1                       ; 1                  ;
; current_state.WIN       ; 0                      ; 0                  ; 1                 ; 0                       ; 1                  ;
; current_state.LOSE      ; 0                      ; 1                  ; 0                 ; 0                       ; 1                  ;
; current_state.FINISHED  ; 1                      ; 0                  ; 0                 ; 0                       ; 1                  ;
+-------------------------+------------------------+--------------------+-------------------+-------------------------+--------------------+


Encoding Type:  One-Hot
+-----------------------------------------------------------------------------------------------------------+
; State Machine - |TopLevel|Controller:u_controller|estado_input                                            ;
+----------------------------+-----------------------+-------------------------+----------------------------+
; Name                       ; estado_input.COMPLETO ; estado_input.CAPTURANDO ; estado_input.AGUARDA_START ;
+----------------------------+-----------------------+-------------------------+----------------------------+
; estado_input.AGUARDA_START ; 0                     ; 0                       ; 0                          ;
; estado_input.CAPTURANDO    ; 0                     ; 1                       ; 1                          ;
; estado_input.COMPLETO      ; 1                     ; 0                       ; 1                          ;
+----------------------------+-----------------------+-------------------------+----------------------------+


Encoding Type:  One-Hot
+----------------------------------------------------------------------------------------------------------------------------------------------------+
; State Machine - |TopLevel|Controller:u_controller|system_state                                                                                     ;
+-------------------------------+-------------------------------+--------------------------+----------------------------+----------------------------+
; Name                          ; system_state.COMPARISON_PHASE ; system_state.INPUT_PHASE ; system_state.SHOW_SEQUENCE ; system_state.WAITING_START ;
+-------------------------------+-------------------------------+--------------------------+----------------------------+----------------------------+
; system_state.WAITING_START    ; 0                             ; 0                        ; 0                          ; 0                          ;
; system_state.SHOW_SEQUENCE    ; 0                             ; 0                        ; 1                          ; 1                          ;
; system_state.INPUT_PHASE      ; 0                             ; 1                        ; 0                          ; 1                          ;
; system_state.COMPARISON_PHASE ; 1                             ; 0                        ; 0                          ; 1                          ;
+-------------------------------+-------------------------------+--------------------------+----------------------------+----------------------------+


+-------------------------------------------------------------------------------------------+
; Registers Removed During Synthesis                                                        ;
+-----------------------------------------+-------------------------------------------------+
; Register name                           ; Reason for Removal                              ;
+-----------------------------------------+-------------------------------------------------+
; Comparator:u_comparator|leds_reg[2,4,6] ; Merged with Comparator:u_comparator|leds_reg[0] ;
; Comparator:u_comparator|leds_reg[3,5]   ; Merged with Comparator:u_comparator|leds_reg[1] ;
; Total Number of Removed Registers = 5   ;                                                 ;
+-----------------------------------------+-------------------------------------------------+


+------------------------------------------------------+
; General Register Statistics                          ;
+----------------------------------------------+-------+
; Statistic                                    ; Value ;
+----------------------------------------------+-------+
; Total registers                              ; 299   ;
; Number of registers using Synchronous Clear  ; 199   ;
; Number of registers using Synchronous Load   ; 2     ;
; Number of registers using Asynchronous Clear ; 299   ;
; Number of registers using Asynchronous Load  ; 0     ;
; Number of registers using Clock Enable       ; 232   ;
; Number of registers using Preset             ; 0     ;
+----------------------------------------------+-------+


+--------------------------------------------------------------------------------------------------------------------------------------------------------------------+
; Multiplexer Restructuring Statistics (Restructuring Performed)                                                                                                     ;
+--------------------+-----------+---------------+----------------------+------------------------+------------+------------------------------------------------------+
; Multiplexer Inputs ; Bus Width ; Baseline Area ; Area if Restructured ; Saving if Restructured ; Registered ; Example Multiplexer Output                           ;
+--------------------+-----------+---------------+----------------------+------------------------+------------+------------------------------------------------------+
; 3:1                ; 24 bits   ; 48 LEs        ; 24 LEs               ; 24 LEs                 ; Yes        ; |TopLevel|Controller:u_controller|resposta_packed[4] ;
; 3:1                ; 18 bits   ; 36 LEs        ; 18 LEs               ; 18 LEs                 ; Yes        ; |TopLevel|Input:u_input|debounce_cnt[0][17]          ;
; 3:1                ; 18 bits   ; 36 LEs        ; 18 LEs               ; 18 LEs                 ; Yes        ; |TopLevel|Input:u_input|debounce_cnt[1][0]           ;
; 3:1                ; 18 bits   ; 36 LEs        ; 18 LEs               ; 18 LEs                 ; Yes        ; |TopLevel|Input:u_input|debounce_cnt[2][8]           ;
; 3:1                ; 18 bits   ; 36 LEs        ; 18 LEs               ; 18 LEs                 ; Yes        ; |TopLevel|Input:u_input|debounce_cnt[3][3]           ;
; 3:1                ; 18 bits   ; 36 LEs        ; 18 LEs               ; 18 LEs                 ; Yes        ; |TopLevel|Input:u_input|debounce_cnt[4][2]           ;
; 3:1                ; 18 bits   ; 36 LEs        ; 18 LEs               ; 18 LEs                 ; Yes        ; |TopLevel|Input:u_input|debounce_cnt[5][12]          ;
; 3:1                ; 18 bits   ; 36 LEs        ; 18 LEs               ; 18 LEs                 ; Yes        ; |TopLevel|Input:u_input|debounce_cnt[6][2]           ;
; 4:1                ; 20 bits   ; 40 LEs        ; 20 LEs               ; 20 LEs                 ; Yes        ; |TopLevel|Controller:u_controller|timer_clear[0]     ;
; 6:1                ; 2 bits    ; 8 LEs         ; 2 LEs                ; 6 LEs                  ; Yes        ; |TopLevel|Comparator:u_comparator|blink_counter[0]   ;
; 5:1                ; 25 bits   ; 75 LEs        ; 25 LEs               ; 50 LEs                 ; Yes        ; |TopLevel|Show_Sequence:u_show_sequence|timer[15]    ;
; 7:1                ; 25 bits   ; 100 LEs       ; 25 LEs               ; 75 LEs                 ; Yes        ; |TopLevel|Comparator:u_comparator|timer[3]           ;
; 3:1                ; 2 bits    ; 4 LEs         ; 4 LEs                ; 0 LEs                  ; No         ; |TopLevel|Controller:u_controller|estado_input       ;
; 3:1                ; 3 bits    ; 6 LEs         ; 6 LEs                ; 0 LEs                  ; No         ; |TopLevel|Controller:u_controller|contador_inputs    ;
; 3:1                ; 7 bits    ; 14 LEs        ; 14 LEs               ; 0 LEs                  ; No         ; |TopLevel|Controller:u_controller|Selector8          ;
; 7:1                ; 2 bits    ; 8 LEs         ; 6 LEs                ; 2 LEs                  ; No         ; |TopLevel|Show_Sequence:u_show_sequence|Selector14   ;
; 8:1                ; 4 bits    ; 20 LEs        ; 12 LEs               ; 8 LEs                  ; No         ; |TopLevel|Controller:u_controller|Selector3          ;
; 10:1               ; 3 bits    ; 18 LEs        ; 12 LEs               ; 6 LEs                  ; No         ; |TopLevel|Comparator:u_comparator|Selector39         ;
; 10:1               ; 2 bits    ; 12 LEs        ; 4 LEs                ; 8 LEs                  ; No         ; |TopLevel|Comparator:u_comparator|Selector38         ;
+--------------------+-----------+---------------+----------------------+------------------------+------------+------------------------------------------------------+


+-----------------------------------------------------------------------------------------------------------------------------+
; Port Connectivity Checks: "Controller:u_controller"                                                                         ;
+-------------------+--------+----------+-------------------------------------------------------------------------------------+
; Port              ; Type   ; Severity ; Details                                                                             ;
+-------------------+--------+----------+-------------------------------------------------------------------------------------+
; input_clear_delay ; Output ; Info     ; Connected to dangling logic. Logic that only feeds a dangling port will be removed. ;
+-------------------+--------+----------+-------------------------------------------------------------------------------------+


+-----------------------------------------------------+
; Post-Synthesis Netlist Statistics for Top Partition ;
+-----------------------+-----------------------------+
; Type                  ; Count                       ;
+-----------------------+-----------------------------+
; boundary_port         ; 20                          ;
; cycloneiii_ff         ; 299                         ;
;     CLR               ; 64                          ;
;     CLR SCLR          ; 1                           ;
;     CLR SCLR SLD      ; 2                           ;
;     ENA CLR           ; 36                          ;
;     ENA CLR SCLR      ; 196                         ;
; cycloneiii_lcell_comb ; 516                         ;
;     arith             ; 186                         ;
;         2 data inputs ; 186                         ;
;     normal            ; 330                         ;
;         0 data inputs ; 1                           ;
;         1 data inputs ; 11                          ;
;         2 data inputs ; 40                          ;
;         3 data inputs ; 35                          ;
;         4 data inputs ; 243                         ;
;                       ;                             ;
; Max LUT depth         ; 6.00                        ;
; Average LUT depth     ; 3.11                        ;
+-----------------------+-----------------------------+


+-------------------------------+
; Elapsed Time Per Partition    ;
+----------------+--------------+
; Partition Name ; Elapsed Time ;
+----------------+--------------+
; Top            ; 00:00:01     ;
+----------------+--------------+


+-------------------------------+
; Analysis & Synthesis Messages ;
+-------------------------------+
Info: *******************************************************************
Info: Running Quartus Prime Analysis & Synthesis
    Info: Version 24.1std.0 Build 1077 03/04/2025 SC Standard Edition
    Info: Processing started: Fri Nov 28 15:17:32 2025
Info: Command: quartus_map --read_settings_files=on --write_settings_files=off GeniusProject -c GeniusProject
Warning (18236): Number of processors has not been specified which may cause overloading on shared machines.  Set the global assignment NUM_PARALLEL_PROCESSORS in your QSF to an appropriate value for best performance.
Info (20030): Parallel compilation is enabled and will use 8 of the 8 processors detected
Info (12021): Found 2 design units, including 1 entities, in source file toplevel.vhd
    Info (12022): Found design unit 1: TopLevel-RTL File: C:/Users/fachi/OneDrive/Documentos/Genius/TopLevel.vhd Line: 14
    Info (12023): Found entity 1: TopLevel File: C:/Users/fachi/OneDrive/Documentos/Genius/TopLevel.vhd Line: 5
Info (12021): Found 2 design units, including 1 entities, in source file controller.vhd
    Info (12022): Found design unit 1: Controller-RTL File: C:/Users/fachi/OneDrive/Documentos/Genius/Controller.vhd Line: 34
    Info (12023): Found entity 1: Controller File: C:/Users/fachi/OneDrive/Documentos/Genius/Controller.vhd Line: 5
Info (12021): Found 2 design units, including 1 entities, in source file input.vhd
    Info (12022): Found design unit 1: Input-RTL File: C:/Users/fachi/OneDrive/Documentos/Genius/Input.vhd Line: 15
    Info (12023): Found entity 1: Input File: C:/Users/fachi/OneDrive/Documentos/Genius/Input.vhd Line: 5
Info (12021): Found 2 design units, including 1 entities, in source file led_input.vhd
    Info (12022): Found design unit 1: Led_Input-RTL File: C:/Users/fachi/OneDrive/Documentos/Genius/Led_Input.vhd Line: 16
    Info (12023): Found entity 1: Led_Input File: C:/Users/fachi/OneDrive/Documentos/Genius/Led_Input.vhd Line: 5
Info (12021): Found 2 design units, including 1 entities, in source file comparator.vhd
    Info (12022): Found design unit 1: Comparator-RTL File: C:/Users/fachi/OneDrive/Documentos/Genius/Comparator.vhd Line: 20
    Info (12023): Found entity 1: Comparator File: C:/Users/fachi/OneDrive/Documentos/Genius/Comparator.vhd Line: 5
Info (12021): Found 2 design units, including 1 entities, in source file show_sequence.vhd
    Info (12022): Found design unit 1: Show_Sequence-RTL File: C:/Users/fachi/OneDrive/Documentos/Genius/Show_Sequence.vhd Line: 19
    Info (12023): Found entity 1: Show_Sequence File: C:/Users/fachi/OneDrive/Documentos/Genius/Show_Sequence.vhd Line: 5
Info (12127): Elaborating entity "TopLevel" for the top level hierarchy
Warning (10036): Verilog HDL or VHDL warning at TopLevel.vhd(38): object "input_clear_delay_sig" assigned a value but never read File: C:/Users/fachi/OneDrive/Documentos/Genius/TopLevel.vhd Line: 38
Info (12128): Elaborating entity "Input" for hierarchy "Input:u_input" File: C:/Users/fachi/OneDrive/Documentos/Genius/TopLevel.vhd Line: 60
Info (12128): Elaborating entity "Led_Input" for hierarchy "Led_Input:u_led_input" File: C:/Users/fachi/OneDrive/Documentos/Genius/TopLevel.vhd Line: 69
Info (12128): Elaborating entity "Controller" for hierarchy "Controller:u_controller" File: C:/Users/fachi/OneDrive/Documentos/Genius/TopLevel.vhd Line: 79
Info (12128): Elaborating entity "Comparator" for hierarchy "Comparator:u_comparator" File: C:/Users/fachi/OneDrive/Documentos/Genius/TopLevel.vhd Line: 107
Info (12128): Elaborating entity "Show_Sequence" for hierarchy "Show_Sequence:u_show_sequence" File: C:/Users/fachi/OneDrive/Documentos/Genius/TopLevel.vhd Line: 121
Warning (13024): Output pins are stuck at VCC or GND
    Warning (13410): Pin "LEDR[7]" is stuck at GND File: C:/Users/fachi/OneDrive/Documentos/Genius/TopLevel.vhd Line: 10
    Warning (13410): Pin "LEDR[8]" is stuck at GND File: C:/Users/fachi/OneDrive/Documentos/Genius/TopLevel.vhd Line: 10
    Warning (13410): Pin "LEDR[9]" is stuck at GND File: C:/Users/fachi/OneDrive/Documentos/Genius/TopLevel.vhd Line: 10
Info (286030): Timing-Driven Synthesis is running
Info (16010): Generating hard_block partition "hard_block:auto_generated_inst"
    Info (16011): Adding 0 node(s), including 0 DDIO, 0 PLL, 0 transceiver and 0 LCELL
Info (21057): Implemented 567 device resources after synthesis - the final resource count might be different
    Info (21058): Implemented 10 input pins
    Info (21059): Implemented 10 output pins
    Info (21061): Implemented 547 logic cells
Info: Quartus Prime Analysis & Synthesis was successful. 0 errors, 6 warnings
    Info: Peak virtual memory: 4907 megabytes
    Info: Processing ended: Fri Nov 28 15:17:44 2025
    Info: Elapsed time: 00:00:12
    Info: Total CPU time (on all processors): 00:00:25


