Flow report for GeniusProject
Fri Nov 28 17:00:18 2025
Quartus Prime Version 24.1std.0 Build 1077 03/04/2025 SC Standard Edition


---------------------
; Table of Contents ;
---------------------
  1. Legal Notice
  2. Flow Summary
  3. Flow Settings
  4. Flow Non-Default Global Settings
  5. Flow Elapsed Time
  6. Flow OS Summary
  7. Flow Log
  8. Flow Messages
  9. Flow Suppressed Messages



----------------
; Legal Notice ;
----------------
Copyright (C) 2025  Altera Corporation. All rights reserved.
Your use of Altera Corporation's design tools, logic functions 
and other software and tools, and any partner logic 
functions, and any output files from any of the foregoing 
(including device programming or simulation files), and any 
associated documentation or information are expressly subject 
to the terms and conditions of the Altera Program License 
Subscription Agreement, the Altera Quartus Prime License Agreement,
the Altera IP License Agreement, or other applicable license
agreement, including, without limitation, that your use is for
the sole purpose of programming logic devices manufactured by
Altera and sold by Altera or its authorized distributors.  Please
refer to the Altera Software License Subscription Agreements 
on the Quartus Prime software download page.



+------------------------------------------------------------------------------------------+
; Flow Summary                                                                             ;
+------------------------------------+-----------------------------------------------------+
; Flow Status                        ; Successful - Fri Nov 28 17:00:14 2025               ;
; Quartus Prime Version              ; 24.1std.0 Build 1077 03/04/2025 SC Standard Edition ;
; Revision Name                      ; GeniusProject                                       ;
; Top-level Entity Name              ; TopLevel                                            ;
; Family                             ; MAX 10                                              ;
; Device                             ; 10M50DAF484C7G                                      ;
; Timing Models                      ; Final                                               ;
; Total logic elements               ; 544 / 49,760 ( 1 % )                                ;
;     Total combinational functions  ; 528 / 49,760 ( 1 % )                                ;
;     Dedicated logic registers      ; 303 / 49,760 ( < 1 % )                              ;
; Total registers                    ; 303                                                 ;
; Total pins                         ; 20 / 360 ( 6 % )                                    ;
; Total virtual pins                 ; 0                                                   ;
; Total memory bits                  ; 0 / 1,677,312 ( 0 % )                               ;
; Embedded Multiplier 9-bit elements ; 0 / 288 ( 0 % )                                     ;
; Total PLLs                         ; 0 / 4 ( 0 % )                                       ;
; UFM blocks                         ; 0 / 1 ( 0 % )                                       ;
; ADC blocks                         ; 0 / 2 ( 0 % )                                       ;
+------------------------------------+-----------------------------------------------------+


+-----------------------------------------+
; Flow Settings                           ;
+-------------------+---------------------+
; Option            ; Setting             ;
+-------------------+---------------------+
; Start date & time ; 11/28/2025 16:59:51 ;
; Main task         ; Compilation         ;
; Revision Name     ; GeniusProject       ;
+-------------------+---------------------+


+------------------------------------------------------------------------------------------------------------------------------------------------+
; Flow Non-Default Global Settings                                                                                                               ;
+-------------------------------------+----------------------------------------+---------------+-------------+-----------------------------------+
; Assignment Name                     ; Value                                  ; Default Value ; Entity Name ; Section Id                        ;
+-------------------------------------+----------------------------------------+---------------+-------------+-----------------------------------+
; COMPILER_SIGNATURE_ID               ; 10995770589194.176435999117424         ; --            ; --          ; --                                ;
; EDA_GENERATE_FUNCTIONAL_NETLIST     ; Off                                    ; --            ; --          ; eda_board_design_timing           ;
; EDA_GENERATE_FUNCTIONAL_NETLIST     ; Off                                    ; --            ; --          ; eda_board_design_boundary_scan    ;
; EDA_GENERATE_FUNCTIONAL_NETLIST     ; Off                                    ; --            ; --          ; eda_board_design_signal_integrity ;
; EDA_GENERATE_FUNCTIONAL_NETLIST     ; Off                                    ; --            ; --          ; eda_board_design_symbol           ;
; EDA_OUTPUT_DATA_FORMAT              ; None                                   ; --            ; --          ; eda_simulation                    ;
; EDA_TIME_SCALE                      ; 1 ps                                   ; --            ; --          ; eda_simulation                    ;
; MAX_CORE_JUNCTION_TEMP              ; 85                                     ; --            ; --          ; --                                ;
; MIN_CORE_JUNCTION_TEMP              ; 0                                      ; --            ; --          ; --                                ;
; PARTITION_COLOR                     ; -- (Not supported for targeted family) ; --            ; TopLevel    ; Top                               ;
; PARTITION_FITTER_PRESERVATION_LEVEL ; -- (Not supported for targeted family) ; --            ; TopLevel    ; Top                               ;
; PARTITION_NETLIST_TYPE              ; -- (Not supported for targeted family) ; --            ; TopLevel    ; Top                               ;
; POWER_BOARD_THERMAL_MODEL           ; None (CONSERVATIVE)                    ; --            ; --          ; --                                ;
; POWER_PRESET_COOLING_SOLUTION       ; 23 MM HEAT SINK WITH 200 LFPM AIRFLOW  ; --            ; --          ; --                                ;
; PROJECT_OUTPUT_DIRECTORY            ; output_files                           ; --            ; --          ; --                                ;
; TOP_LEVEL_ENTITY                    ; TopLevel                               ; GeniusProject ; --          ; --                                ;
+-------------------------------------+----------------------------------------+---------------+-------------+-----------------------------------+


+--------------------------------------------------------------------------------------------------------------------------+
; Flow Elapsed Time                                                                                                        ;
+----------------------+--------------+-------------------------+---------------------+------------------------------------+
; Module Name          ; Elapsed Time ; Average Processors Used ; Peak Virtual Memory ; Total CPU Time (on all processors) ;
+----------------------+--------------+-------------------------+---------------------+------------------------------------+
; Analysis & Synthesis ; 00:00:09     ; 1.0                     ; 4906 MB             ; 00:00:18                           ;
; Fitter               ; 00:00:09     ; 1.1                     ; 5988 MB             ; 00:00:17                           ;
; Assembler            ; 00:00:02     ; 1.0                     ; 4828 MB             ; 00:00:02                           ;
; Timing Analyzer      ; 00:00:02     ; 1.2                     ; 4942 MB             ; 00:00:03                           ;
; Total                ; 00:00:22     ; --                      ; --                  ; 00:00:40                           ;
+----------------------+--------------+-------------------------+---------------------+------------------------------------+


+------------------------------------------------------------------------------------+
; Flow OS Summary                                                                    ;
+----------------------+------------------+------------+------------+----------------+
; Module Name          ; Machine Hostname ; OS Name    ; OS Version ; Processor type ;
+----------------------+------------------+------------+------------+----------------+
; Analysis & Synthesis ; FACHINELLI       ; Windows 10 ; 10.0       ; x86_64         ;
; Fitter               ; FACHINELLI       ; Windows 10 ; 10.0       ; x86_64         ;
; Assembler            ; FACHINELLI       ; Windows 10 ; 10.0       ; x86_64         ;
; Timing Analyzer      ; FACHINELLI       ; Windows 10 ; 10.0       ; x86_64         ;
+----------------------+------------------+------------+------------+----------------+


------------
; Flow Log ;
------------
quartus_map --read_settings_files=on --write_settings_files=off GeniusProject -c GeniusProject
quartus_fit --read_settings_files=off --write_settings_files=off GeniusProject -c GeniusProject
quartus_asm --read_settings_files=off --write_settings_files=off GeniusProject -c GeniusProject
quartus_sta GeniusProject -c GeniusProject



